<?xml version="1.0" encoding="UTF-8"?>
<!-- Generated by org.testng.reporters.JUnitReportReporter -->
<testsuite hostname="DESKTOP-AQRMP3A" failures="0" tests="2" name="com.TestNG.TestNG" time="62.022" errors="0" timestamp="2022-03-11T13:00:32 IST" skipped="0">
  <testcase classname="com.TestNG.TestNG" name="verifyPageTitleTest" time="24.402"/>
  <system-out/>
  <testcase classname="com.TestNG.TestNG" name="verifyFreeCRMLogoTest" time="37.620"/>
  <system-out/>
</testsuite> <!-- com.TestNG.TestNG -->
